<?xml version="1.0" encoding="UTF-8"?>
<testsuite name="ckpt1.YourOwnCircularArrayFIFOQueueTests" tests="1" skipped="0" failures="0" errors="0" timestamp="2022-06-28T23:02:44" hostname="DESKTOP-6KBD70N" time="0.018">
  <properties/>
  <testcase name="test_size_afterInsertion_incrementsByOne()" classname="ckpt1.YourOwnCircularArrayFIFOQueueTests" time="0.018"/>
  <system-out><![CDATA[]]></system-out>
  <system-err><![CDATA[]]></system-err>
</testsuite>
